<?xml version="1.0" encoding="UTF-8"?>
<testng-results ignored="0" total="1" passed="1" failed="0" skipped="0">
  <reporter-output>
  </reporter-output>
  <suite started-at="2023-10-06T21:06:37 EDT" name="Default suite" finished-at="2023-10-06T21:06:56 EDT" duration-ms="18753">
    <groups>
      <group name="cucumber">
        <method signature="AbstractTestNGCucumberTests.feature(cucumber.api.testng.CucumberFeatureWrapper)[pri:0, instance:Main_TestRunner.Main_TestRunner@4e5ed836]" name="feature" class="cucumber.api.testng.AbstractTestNGCucumberTests"/>
      </group> <!-- cucumber -->
    </groups>
    <test started-at="2023-10-06T21:06:37 EDT" name="Default test" finished-at="2023-10-06T21:06:56 EDT" duration-ms="18753">
      <class name="Main_TestRunner.Main_TestRunner">
        <test-method is-config="true" signature="maiStartURL()[pri:0, instance:Main_TestRunner.Main_TestRunner@4e5ed836]" started-at="2023-10-06T21:06:37 EDT" name="maiStartURL" finished-at="2023-10-06T21:06:42 EDT" duration-ms="4517" status="PASS">
          <reporter-output>
          </reporter-output>
        </test-method> <!-- maiStartURL -->
        <test-method is-config="true" signature="setUpClass()[pri:0, instance:Main_TestRunner.Main_TestRunner@4e5ed836]" started-at="2023-10-06T21:06:42 EDT" name="setUpClass" finished-at="2023-10-06T21:06:42 EDT" duration-ms="206" status="PASS">
          <reporter-output>
          </reporter-output>
        </test-method> <!-- setUpClass -->
        <test-method signature="feature(cucumber.api.testng.CucumberFeatureWrapper)[pri:0, instance:Main_TestRunner.Main_TestRunner@4e5ed836]" started-at="2023-10-06T21:06:42 EDT" name="feature" description="Runs Cucumber Feature" data-provider="features" finished-at="2023-10-06T21:06:56 EDT" duration-ms="13319" status="PASS">
          <params>
            <param index="0">
              <value>
                <![CDATA[This is a login feature]]>
              </value>
            </param>
          </params>
          <reporter-output>
          </reporter-output>
        </test-method> <!-- feature -->
        <test-method is-config="true" signature="tearDownClass()[pri:0, instance:Main_TestRunner.Main_TestRunner@4e5ed836]" started-at="2023-10-06T21:06:56 EDT" name="tearDownClass" finished-at="2023-10-06T21:06:56 EDT" duration-ms="30" status="PASS">
          <reporter-output>
          </reporter-output>
        </test-method> <!-- tearDownClass -->
        <test-method is-config="true" signature="maiCloseURL()[pri:0, instance:Main_TestRunner.Main_TestRunner@4e5ed836]" started-at="2023-10-06T21:06:56 EDT" name="maiCloseURL" finished-at="2023-10-06T21:06:56 EDT" duration-ms="504" status="PASS">
          <reporter-output>
          </reporter-output>
        </test-method> <!-- maiCloseURL -->
      </class> <!-- Main_TestRunner.Main_TestRunner -->
    </test> <!-- Default test -->
  </suite> <!-- Default suite -->
</testng-results>
